<?xml version="1.0" encoding="UTF-8"?>
<!-- Generated by org.testng.reporters.JUnitXMLReporter -->
<testsuite hostname="3010-009" ignored="0" name="Home Page" tests="6" failures="0" timestamp="03 Jul 2017 07:45:21 GMT" time="64.389" errors="0">
  <testcase name="switch_tabs" time="0.172" classname="DemoQa.DemoQA.HomePageTest"/>
  <testcase name="Homepg" time="11.246" classname="DemoQa.DemoQA.HomePageTest"/>
  <testcase name="Registration" time="17.864" classname="DemoQa.DemoQA.Reg_Page"/>
  <testcase name="dragelement" time="0.208" classname="DemoQa.DemoQA.Interactions_drag"/>
  <testcase name="drag" time="0.24" classname="DemoQa.DemoQA.Interactions_drag"/>
  <testcase name="drag_drop" time="9.685" classname="DemoQa.DemoQA.Interactions_drag"/>
</testsuite> <!-- Home Page -->
