<?xml version="1.0" encoding="UTF-8"?>
<!-- Generated by org.testng.reporters.JUnitXMLReporter -->
<testsuite hostname="3010-009" ignored="0" name="Home Page" tests="6" failures="0" timestamp="03 Jul 2017 06:24:42 GMT" time="34.09" errors="0">
  <testcase name="switch_tabs" time="0.157" classname="DemoQa.DemoQA.HomePageTest"/>
  <testcase name="Homepg" time="6.028" classname="DemoQa.DemoQA.HomePageTest"/>
  <testcase name="Registration" time="6.168" classname="DemoQa.DemoQA.Reg_Page"/>
  <testcase name="SwitchingBack" time="0.161" classname="DemoQa.DemoQA.Reg_Page"/>
  <testcase name="dragelement" time="0.269" classname="DemoQa.DemoQA.Interactions_drag"/>
  <testcase name="drag_drop" time="0.365" classname="DemoQa.DemoQA.Interactions_drag"/>
</testsuite> <!-- Home Page -->
