<?xml version="1.0" encoding="UTF-8"?>
<!-- Generated by org.testng.reporters.JUnitXMLReporter -->
<testsuite hostname="3010-009" ignored="0" name="Default test" tests="6" failures="0" timestamp="03 Jul 2017 07:47:29 GMT" time="62.278" errors="0">
  <testcase name="switch_tabs" time="0.167" classname="DemoQa.DemoQA.HomePageTest"/>
  <testcase name="Homepg" time="7.203" classname="DemoQa.DemoQA.HomePageTest"/>
  <testcase name="Registration" time="16.806" classname="DemoQa.DemoQA.Reg_Page"/>
  <testcase name="dragelement" time="0.251" classname="DemoQa.DemoQA.Interactions_drag"/>
  <testcase name="drag" time="0.243" classname="DemoQa.DemoQA.Interactions_drag"/>
  <testcase name="drag_drop" time="10.659" classname="DemoQa.DemoQA.Interactions_drag"/>
</testsuite> <!-- Default test -->
